
put file sdfstest.txt at fa23-cs425-9502.cs.illinois.edu

put file sdfstest.txt at fa23-cs425-9503.cs.illinois.edu

put file sdfstest.txt at fa23-cs425-9504.cs.illinois.edu

file sdfstest.txt is found on fa23-cs425-9504.cs.illinois.edu

file sdfstest.txt is found on fa23-cs425-9503.cs.illinois.edu

file sdfstest.txt is found on fa23-cs425-9502.cs.illinois.edu

Successfully deleted file sdfstest.txt at fa23-cs425-9502.cs.illinois.edu

Successfully deleted file sdfstest.txt at fa23-cs425-9503.cs.illinois.edu

Successfully deleted file sdfstest.txt at fa23-cs425-9504.cs.illinois.edu

delete file sdfstest.txt

file sdfstest.txt NOT FOUND ANYWHERE 

put file sdfsname.txt at fa23-cs425-9502.cs.illinois.edu

put file sdfsname.txt at fa23-cs425-9503.cs.illinois.edu

put file sdfs.txt at fa23-cs425-9502.cs.illinois.edu

put file sdfs.txt at fa23-cs425-9503.cs.illinois.edu

put file hjk.txt at fa23-cs425-9502.cs.illinois.edu

put file hjk.txt at fa23-cs425-9503.cs.illinois.edu

put file sdfsmj.txt at fa23-cs425-9502.cs.illinois.edu

put file sdfshuh.txt at fa23-cs425-9502.cs.illinois.edu

put file sdfshuh.txt at fa23-cs425-9503.cs.illinois.edu

put file sdjfis.txt at fa23-cs425-9502.cs.illinois.edu

put file sdjfis.txt at fa23-cs425-9503.cs.illinois.edu

put file sdfo.txt at fa23-cs425-9502.cs.illinois.edu

put file sdfo.txt at fa23-cs425-9503.cs.illinois.edu

put file tyui.txt at fa23-cs425-9502.cs.illinois.edu

put file tyui.txt at fa23-cs425-9503.cs.illinois.edu

put file node.txt at fa23-cs425-9502.cs.illinois.edu

put file node.txt at fa23-cs425-9503.cs.illinois.edu

put file digjg.txt at fa23-cs425-9502.cs.illinois.edu

put file digjg.txt at fa23-cs425-9504.cs.illinois.edu

put file sdijfosdf.txt at fa23-cs425-9502.cs.illinois.edu

put file sdijfosdf.txt at fa23-cs425-9507.cs.illinois.edu

put file sdijfosdf.txt at fa23-cs425-9507.cs.illinois.edu

put file sdijfosdf.txt at fa23-cs425-9504.cs.illinois.edu

put file firstsdfs.txt at fa23-cs425-9502.cs.illinois.edu

put file firstsdfs.txt at fa23-cs425-9508.cs.illinois.edu

put file firstsdfs.txt at fa23-cs425-9504.cs.illinois.edu

put file jidf.txt at fa23-cs425-9502.cs.illinois.edu

put file jidf.txt at fa23-cs425-9504.cs.illinois.edu

put file jidf.txt at fa23-cs425-9508.cs.illinois.edu

put file jdflkds.txt at fa23-cs425-9502.cs.illinois.edu

put file jdflkds.txt at fa23-cs425-9504.cs.illinois.edu

put file jdflkds.txt at fa23-cs425-9508.cs.illinois.edu

put file kjsdfj.txt at fa23-cs425-9502.cs.illinois.edu

put file kjsdfj.txt at fa23-cs425-9508.cs.illinois.edu

put file kjsdfj.txt at fa23-cs425-9504.cs.illinois.edu

put file qwwe.txt at fa23-cs425-9502.cs.illinois.edu

put file qwwe.txt at fa23-cs425-9508.cs.illinois.edu

put file qwwe.txt at fa23-cs425-9502.cs.illinois.edu

put file qwwe.txt at fa23-cs425-9504.cs.illinois.edu

put file uio.txt at fa23-cs425-9502.cs.illinois.edu

put file uio.txt at fa23-cs425-9508.cs.illinois.edu

put file uio.txt at fa23-cs425-9504.cs.illinois.edu

put file fileee.txt at fa23-cs425-9502.cs.illinois.edu

put file fileee.txt at fa23-cs425-9508.cs.illinois.edu

put file fileee.txt at fa23-cs425-9504.cs.illinois.edu

put file QWERTY.txt at fa23-cs425-9502.cs.illinois.edu

put file QWERTY.txt at fa23-cs425-9504.cs.illinois.edu

put file QWERTY.txt at fa23-cs425-9508.cs.illinois.edu

put file tyuiopp.txt at fa23-cs425-9502.cs.illinois.edu

put file tyuiopp.txt at fa23-cs425-9503.cs.illinois.edu

put file tyuiopp.txt at fa23-cs425-9508.cs.illinois.edu
