1695672410479092055: client lock
1695672410479145406: unlock
1695672410479160808: tostring lock
1695672410479176697: unlock
1695672410479190761: targets lock
1695672410479199190: unlock
1695672410979976780: client lock
1695672410980024235: unlock
1695672410980033442: tostring lock
1695672410980043981: unlock
1695672410980053156: targets lock
1695672410980059304: unlock
1695672411488967472: client lock
1695672411489015311: unlock
1695672411489024360: tostring lock
1695672411489036685: unlock
1695672411489045545: targets lock
1695672411489051599: unlock
1695672411993978203: client lock
1695672411994018506: unlock
1695672411994028408: tostring lock
1695672411994039173: unlock
1695672411994048003: targets lock
1695672411994054028: unlock
1695672412499026482: client lock
1695672412499067238: unlock
1695672412499077738: tostring lock
1695672412499088951: unlock
1695672412499098067: targets lock
1695672412499104144: unlock
1695672413001974718: client lock
1695672413002018811: unlock
1695672413002028450: tostring lock
1695672413002039265: unlock
1695672413002047996: targets lock
1695672413002053934: unlock
1695672413509984351: client lock
1695672413510028669: unlock
1695672413510038671: tostring lock
1695672413510050299: unlock
1695672413510058551: targets lock
1695672413510064747: unlock
1695672414010966157: client lock
1695672414011007243: unlock
1695672414011016699: tostring lock
1695672414011026984: unlock
1695672414011035738: targets lock
1695672414011041672: unlock
1695672414511980276: client lock
1695672414512029259: unlock
1695672414512039320: tostring lock
1695672414512049585: unlock
1695672414512057899: targets lock
1695672414512063938: unlock
1695672415017978113: client lock
1695672415018020179: unlock
1695672415018029313: tostring lock
1695672415018039815: unlock
1695672415018048322: targets lock
1695672415018054316: unlock
1695672415518973093: client lock
1695672415519016661: unlock
1695672415519025771: tostring lock
1695672415519036828: unlock
1695672415519044808: targets lock
1695672415519050878: unlock
1695672416025970054: client lock
1695672416026013387: unlock
1695672416026022730: tostring lock
1695672416026034997: unlock
1695672416026043253: targets lock
1695672416026049546: unlock
1695672416531973706: client lock
1695672416532016843: unlock
1695672416532026360: tostring lock
1695672416532036714: unlock
1695672416532044848: targets lock
1695672416532050832: unlock
1695672417035969851: client lock
1695672417036015072: unlock
1695672417036026060: tostring lock
1695672417036037953: unlock
1695672417036046262: targets lock
1695672417036052221: unlock
1695672417553976127: client lock
1695672417554019272: unlock
1695672417554028204: tostring lock
1695672417554039170: unlock
1695672417554047756: targets lock
1695672417554053870: unlock
1695672418064977775: client lock
1695672418065026653: unlock
1695672418065040288: tostring lock
1695672418065054431: unlock
1695672418065062781: targets lock
1695672418065069240: unlock
1695672418570024445: client lock
1695672418570065581: unlock
1695672418570075130: tostring lock
1695672418570084949: unlock
1695672418570093592: targets lock
1695672418570099719: unlock
1695672419070975945: client lock
1695672419071020426: unlock
1695672419071030020: tostring lock
1695672419071040614: unlock
1695672419071048841: targets lock
1695672419071054843: unlock
1695672419572014387: client lock
1695672419572059673: unlock
1695672419572069035: tostring lock
1695672419572079629: unlock
1695672419572088390: targets lock
1695672419572094393: unlock
1695672420076980378: client lock
1695672420077022121: unlock
1695672420077031098: tostring lock
1695672420077041765: unlock
1695672420077049997: targets lock
1695672420077055907: unlock
1695672420583999965: client lock
1695672420584040799: unlock
1695672420584049958: tostring lock
1695672420584060012: unlock
1695672420584068726: targets lock
1695672420584074885: unlock
1695672421089012710: client lock
1695672421089055143: unlock
1695672421089065983: tostring lock
1695672421089075946: unlock
1695672421089084267: targets lock
1695672421089090126: unlock
1695672421597984900: client lock
1695672421598054452: unlock
1695672421598068262: tostring lock
1695672421598082931: unlock
1695672421598093628: targets lock
1695672421598102102: unlock
1695672422098988447: client lock
1695672422099027069: unlock
1695672422099036557: tostring lock
1695672422099047703: unlock
1695672422099056011: targets lock
1695672422099061840: unlock
1695672422551967651: join lock
1695672422552008832: unlock
1695672422552016753: Introducer joined
1695672422599199771: client lock
1695672422599248274: unlock
1695672422599261191: tostring lock
1695672422599277852: unlock
1695672422599300520: targets lock
1695672422599314524: unlock
1695672422599321272: sending datagram
1695672425799235339: receiver lock
1695672425799278537: unlock
1695672425799287685: tostring lock
1695672425799304994: unlock
1695672447712848329: Membership List on host fa23-cs425-6901.cs.illinois.edu

1695672447712890134: list lock
1695672447712982639: unlock
1695672450873430146: Membership List on host fa23-cs425-6901.cs.illinois.edu

1695672450873480990: list lock
1695672450873510042: unlock
1695672451914549285: Membership List on host fa23-cs425-6901.cs.illinois.edu

1695672451914595139: list lock
1695672451914625748: unlock
1695672459251873140: Membership List on host fa23-cs425-6901.cs.illinois.edu

1695672459251938099: list lock
1695672459251965110: unlock
1695672565737739576: Membership List on host fa23-cs425-6901.cs.illinois.edu

1695672565737801171: list lock
1695672565737825243: unlock
